<?xml version="1.0" encoding="UTF-8"?>
<testng-results ignored="0" total="1" passed="1" failed="0" skipped="0">
  <reporter-output>
  </reporter-output>
  <suite started-at="2022-07-08T13:02:22 IST" name="Default suite" finished-at="2022-07-08T13:02:27 IST" duration-ms="5267">
    <groups>
    </groups>
    <test started-at="2022-07-08T13:02:22 IST" name="Default test" finished-at="2022-07-08T13:02:27 IST" duration-ms="5267">
      <class name="Ume.List">
        <test-method is-config="true" signature="Open()[pri:0, instance:Ume.List@6574a52c]" started-at="2022-07-08T13:02:18 IST" name="Open" finished-at="2022-07-08T13:02:22 IST" duration-ms="4356" status="PASS">
          <reporter-output>
          </reporter-output>
        </test-method> <!-- Open -->
        <test-method signature="Testing()[pri:0, instance:Ume.List@6574a52c]" started-at="2022-07-08T13:02:22 IST" name="Testing" finished-at="2022-07-08T13:02:27 IST" duration-ms="5241" status="PASS">
          <reporter-output>
          </reporter-output>
        </test-method> <!-- Testing -->
        <test-method is-config="true" signature="quit()[pri:0, instance:Ume.List@6574a52c]" started-at="2022-07-08T13:02:27 IST" name="quit" finished-at="2022-07-08T13:02:27 IST" duration-ms="136" status="PASS">
          <reporter-output>
          </reporter-output>
        </test-method> <!-- quit -->
      </class> <!-- Ume.List -->
    </test> <!-- Default test -->
  </suite> <!-- Default suite -->
</testng-results>
